<?xml version="1.0" encoding="UTF-8"?>
<!-- Generated by org.testng.reporters.JUnitXMLReporter -->
<testsuite ignored="5" hostname="khosruzs-MBP.lan" failures="0" tests="1" name="Default test" time="6.808" errors="0" timestamp="2021-01-14T23:05:52 EST">
  <testcase classname="com.pageTest.Component_2_Test" name="selectLisItemtInVisiblilityTest" time="2.583"/>
  <testcase classname="com.pageTest.Component_2_Test" name="displayItemsTest" time="0.0">
    <ignored/>
  </testcase> <!-- displayItemsTest -->
  <testcase classname="com.pageTest.Component_2_Test" name="clickToAddButtonTest" time="0.0">
    <ignored/>
  </testcase> <!-- clickToAddButtonTest -->
  <testcase classname="com.pageTest.Component_2_Test" name="pageTitleTest" time="0.0">
    <ignored/>
  </testcase> <!-- pageTitleTest -->
  <testcase classname="com.pageTest.Component_2_Test" name="selectListVisiblilityTest" time="0.0">
    <ignored/>
  </testcase> <!-- selectListVisiblilityTest -->
  <testcase classname="com.pageTest.Component_2_Test" name="clicToRemoveButtonTest" time="0.0">
    <ignored/>
  </testcase> <!-- clicToRemoveButtonTest -->
</testsuite> <!-- Default test -->
