<?xml version="1.0" encoding="UTF-8"?>
<!-- Generated by org.testng.reporters.JUnitXMLReporter -->
<testsuite ignored="0" hostname="khosruzs-MBP.lan" failures="0" tests="6" name="Regression Test Suit" time="32.152" errors="0" timestamp="2021-01-14T23:14:22 EST">
  <testcase classname="com.pageTest.Component_2_Test" name="clicToRemoveButtonTest" time="3.323"/>
  <testcase classname="com.pageTest.Component_2_Test" name="displayItemsTest" time="1.572"/>
  <testcase classname="com.pageTest.Component_2_Test" name="selectLisItemtInVisiblilityTest" time="2.296"/>
  <testcase classname="com.pageTest.Component_2_Test" name="selectListVisiblilityTest" time="1.808"/>
  <testcase classname="com.pageTest.Component_2_Test" name="pageTitleTest" time="0.005"/>
  <testcase classname="com.pageTest.Component_2_Test" name="clickToAddButtonTest" time="1.437"/>
</testsuite> <!-- Regression Test Suit -->
